<?xml version="1.0" encoding="UTF-8"?>
<testsuite xmlns:xsi="http://www.w3.org/2001/XMLSchema-instance" xsi:noNamespaceSchemaLocation="https://maven.apache.org/surefire/maven-surefire-plugin/xsd/surefire-test-report.xsd" version="3.0.2" name="com.phonebook.phonebook_server.PhonebookServerApplicationTests" time="6.187" tests="1" errors="0" skipped="0" failures="0">
  <properties>
[...]
</properties>
  <testcase name="contextLoads" classname="com.phonebook.phonebook_server.PhonebookServerApplicationTests" time="0.955">
    <system-out><![CDATA[13:21:13.838 [main] INFO org.springframework.test.context.support.AnnotationConfigContextLoaderUtils -- Could not detect default configuration classes for test class [com.phonebook.phonebook_server.PhonebookServerApplicationTests]: PhonebookServerApplicationTests does not declare any static, non-private, non-final, nested classes annotated with @Configuration.
13:21:14.001 [main] INFO org.springframework.boot.test.context.SpringBootTestContextBootstrapper -- Found @SpringBootConfiguration com.phonebook.phonebook_server.PhonebookServerApplication for test class com.phonebook.phonebook_server.PhonebookServerApplicationTests

  .   ____          _            __ _ _
 /\\ / ___'_ __ _ _(_)_ __  __ _ \ \ \ \
( ( )\___ | '_ | '_| | '_ \/ _` | \ \ \ \
 \\/  ___)| |_)| | | | | || (_| |  ) ) ) )
  '  |____| .__|_| |_|_| |_\__, | / / / /
 =========|_|==============|___/=/_/_/_/

 :: Spring Boot ::                (v3.4.3)

2025-03-04T13:21:14.732-03:00  INFO 10000 --- [phonebook-server] [           main] c.p.p.PhonebookServerApplicationTests    : Starting PhonebookServerApplicationTests using Java 23.0.1 with PID 10000 (started by Lucas2814 in C:\Programacion\Angular\Fullstack con Angular y Java\phonebook-server-spring-boot)
2025-03-04T13:21:14.732-03:00  INFO 10000 --- [phonebook-server] [           main] c.p.p.PhonebookServerApplicationTests    : No active profile set, falling back to 1 default profile: "default"
2025-03-04T13:21:15.968-03:00  INFO 10000 --- [phonebook-server] [           main] .s.d.r.c.RepositoryConfigurationDelegate : Bootstrapping Spring Data MongoDB repositories in DEFAULT mode.
2025-03-04T13:21:16.030-03:00  INFO 10000 --- [phonebook-server] [           main] .s.d.r.c.RepositoryConfigurationDelegate : Finished Spring Data repository scanning in 56 ms. Found 1 MongoDB repository interface.
2025-03-04T13:21:16.657-03:00  INFO 10000 --- [phonebook-server] [uh4.mongodb.net] org.mongodb.driver.cluster               : Adding discovered server cluster0-shard-00-02.mjuh4.mongodb.net:27017 to client view of cluster
2025-03-04T13:21:16.697-03:00  INFO 10000 --- [phonebook-server] [           main] org.mongodb.driver.client                : MongoClient with metadata {"application": {"name": "Cluster0"}, "driver": {"name": "mongo-java-driver|sync|spring-boot", "version": "5.2.1"}, "os": {"type": "Windows", "name": "Windows 11", "architecture": "amd64", "version": "10.0"}, "platform": "Java/Oracle Corporation/23.0.1+11-39"} created with settings MongoClientSettings{readPreference=primary, writeConcern=WriteConcern{w=majority, wTimeout=null ms, journal=null}, retryWrites=true, retryReads=true, readConcern=ReadConcern{level=null}, credential=MongoCredential{mechanism=null, userName='Lucas2814', source='admin', password=<hidden>, mechanismProperties=<hidden>}, transportSettings=null, commandListeners=[], codecRegistry=ProvidersCodecRegistry{codecProviders=[ValueCodecProvider{}, BsonValueCodecProvider{}, DBRefCodecProvider{}, DBObjectCodecProvider{}, DocumentCodecProvider{}, CollectionCodecProvider{}, IterableCodecProvider{}, MapCodecProvider{}, GeoJsonCodecProvider{}, GridFSFileCodecProvider{}, Jsr310CodecProvider{}, JsonObjectCodecProvider{}, BsonCodecProvider{}, EnumCodecProvider{}, com.mongodb.client.model.mql.ExpressionCodecProvider@79eeff87, com.mongodb.Jep395RecordCodecProvider@6b4fc2d1, com.mongodb.KotlinCodecProvider@8bd076a]}, loggerSettings=LoggerSettings{maxDocumentLength=1000}, clusterSettings={hosts=[127.0.0.1:27017], srvHost=cluster0.mjuh4.mongodb.net, srvServiceName=mongodb, mode=MULTIPLE, requiredClusterType=REPLICA_SET, requiredReplicaSetName='atlas-a9fx25-shard-0', serverSelector='null', clusterListeners='[]', serverSelectionTimeout='30000 ms', localThreshold='15 ms'}, socketSettings=SocketSettings{connectTimeoutMS=10000, readTimeoutMS=0, receiveBufferSize=0, proxySettings=ProxySettings{host=null, port=null, username=null, password=null}}, heartbeatSocketSettings=SocketSettings{connectTimeoutMS=10000, readTimeoutMS=10000, receiveBufferSize=0, proxySettings=ProxySettings{host=null, port=null, username=null, password=null}}, connectionPoolSettings=ConnectionPoolSettings{maxSize=100, minSize=0, maxWaitTimeMS=120000, maxConnectionLifeTimeMS=0, maxConnectionIdleTimeMS=0, maintenanceInitialDelayMS=0, maintenanceFrequencyMS=60000, connectionPoolListeners=[], maxConnecting=2}, serverSettings=ServerSettings{heartbeatFrequencyMS=10000, minHeartbeatFrequencyMS=500, serverMonitoringMode=AUTO, serverListeners='[]', serverMonitorListeners='[]'}, sslSettings=SslSettings{enabled=true, invalidHostNameAllowed=false, context=null}, applicationName='Cluster0', compressorList=[], uuidRepresentation=JAVA_LEGACY, serverApi=null, autoEncryptionSettings=null, dnsClient=null, inetAddressResolver=null, contextProvider=null, timeoutMS=null}
2025-03-04T13:21:16.704-03:00  INFO 10000 --- [phonebook-server] [uh4.mongodb.net] org.mongodb.driver.cluster               : Adding discovered server cluster0-shard-00-01.mjuh4.mongodb.net:27017 to client view of cluster
2025-03-04T13:21:16.707-03:00  INFO 10000 --- [phonebook-server] [uh4.mongodb.net] org.mongodb.driver.cluster               : Adding discovered server cluster0-shard-00-00.mjuh4.mongodb.net:27017 to client view of cluster
2025-03-04T13:21:17.457-03:00  INFO 10000 --- [phonebook-server] [ngodb.net:27017] org.mongodb.driver.cluster               : Monitor thread successfully connected to server with description ServerDescription{address=cluster0-shard-00-00.mjuh4.mongodb.net:27017, type=REPLICA_SET_SECONDARY, cryptd=false, state=CONNECTED, ok=true, minWireVersion=0, maxWireVersion=25, maxDocumentSize=16777216, logicalSessionTimeoutMinutes=30, roundTripTimeNanos=413517500, minRoundTripTimeNanos=0, setName='atlas-a9fx25-shard-0', canonicalAddress=cluster0-shard-00-00.mjuh4.mongodb.net:27017, hosts=[cluster0-shard-00-01.mjuh4.mongodb.net:27017, cluster0-shard-00-02.mjuh4.mongodb.net:27017, cluster0-shard-00-00.mjuh4.mongodb.net:27017], passives=[], arbiters=[], primary='cluster0-shard-00-02.mjuh4.mongodb.net:27017', tagSet=TagSet{[Tag{name='availabilityZone', value='sae1-az1'}, Tag{name='diskState', value='READY'}, Tag{name='nodeType', value='ELECTABLE'}, Tag{name='provider', value='AWS'}, Tag{name='region', value='SA_EAST_1'}, Tag{name='workloadType', value='OPERATIONAL'}]}, electionId=null, setVersion=100, topologyVersion=TopologyVersion{processId=67c3305f193a09aa48092132, counter=4}, lastWriteDate=Tue Mar 04 13:21:17 GMT-03:00 2025, lastUpdateTimeNanos=26313171829400}
2025-03-04T13:21:17.457-03:00  INFO 10000 --- [phonebook-server] [ngodb.net:27017] org.mongodb.driver.cluster               : Monitor thread successfully connected to server with description ServerDescription{address=cluster0-shard-00-02.mjuh4.mongodb.net:27017, type=REPLICA_SET_PRIMARY, cryptd=false, state=CONNECTED, ok=true, minWireVersion=0, maxWireVersion=25, maxDocumentSize=16777216, logicalSessionTimeoutMinutes=30, roundTripTimeNanos=407024100, minRoundTripTimeNanos=0, setName='atlas-a9fx25-shard-0', canonicalAddress=cluster0-shard-00-02.mjuh4.mongodb.net:27017, hosts=[cluster0-shard-00-01.mjuh4.mongodb.net:27017, cluster0-shard-00-02.mjuh4.mongodb.net:27017, cluster0-shard-00-00.mjuh4.mongodb.net:27017], passives=[], arbiters=[], primary='cluster0-shard-00-02.mjuh4.mongodb.net:27017', tagSet=TagSet{[Tag{name='availabilityZone', value='sae1-az2'}, Tag{name='diskState', value='READY'}, Tag{name='nodeType', value='ELECTABLE'}, Tag{name='provider', value='AWS'}, Tag{name='region', value='SA_EAST_1'}, Tag{name='workloadType', value='OPERATIONAL'}]}, electionId=7fffffff000000000000005b, setVersion=100, topologyVersion=TopologyVersion{processId=67c33089109d2ee6a4e34d67, counter=6}, lastWriteDate=Tue Mar 04 13:21:17 GMT-03:00 2025, lastUpdateTimeNanos=26313171830300}
2025-03-04T13:21:17.457-03:00  INFO 10000 --- [phonebook-server] [ngodb.net:27017] org.mongodb.driver.cluster               : Monitor thread successfully connected to server with description ServerDescription{address=cluster0-shard-00-01.mjuh4.mongodb.net:27017, type=REPLICA_SET_SECONDARY, cryptd=false, state=CONNECTED, ok=true, minWireVersion=0, maxWireVersion=25, maxDocumentSize=16777216, logicalSessionTimeoutMinutes=30, roundTripTimeNanos=412930200, minRoundTripTimeNanos=0, setName='atlas-a9fx25-shard-0', canonicalAddress=cluster0-shard-00-01.mjuh4.mongodb.net:27017, hosts=[cluster0-shard-00-01.mjuh4.mongodb.net:27017, cluster0-shard-00-02.mjuh4.mongodb.net:27017, cluster0-shard-00-00.mjuh4.mongodb.net:27017], passives=[], arbiters=[], primary='cluster0-shard-00-02.mjuh4.mongodb.net:27017', tagSet=TagSet{[Tag{name='availabilityZone', value='sae1-az3'}, Tag{name='diskState', value='READY'}, Tag{name='nodeType', value='ELECTABLE'}, Tag{name='provider', value='AWS'}, Tag{name='region', value='SA_EAST_1'}, Tag{name='workloadType', value='OPERATIONAL'}]}, electionId=null, setVersion=100, topologyVersion=TopologyVersion{processId=67c330b2957c99649207a4cc, counter=3}, lastWriteDate=Tue Mar 04 13:21:17 GMT-03:00 2025, lastUpdateTimeNanos=26313171829400}
2025-03-04T13:21:17.463-03:00  INFO 10000 --- [phonebook-server] [ngodb.net:27017] org.mongodb.driver.cluster               : Discovered replica set primary cluster0-shard-00-02.mjuh4.mongodb.net:27017 with max election id 7fffffff000000000000005b and max set version 100
2025-03-04T13:21:17.747-03:00  INFO 10000 --- [phonebook-server] [           main] o.s.b.a.w.s.WelcomePageHandlerMapping    : Adding welcome page: class path resource [static/index.html]
2025-03-04T13:21:18.234-03:00  INFO 10000 --- [phonebook-server] [           main] c.p.p.PhonebookServerApplicationTests    : Started PhonebookServerApplicationTests in 3.971 seconds (process running for 5.312)
Persons List
Name: Arto Hellas Phone: 040-123456
Name: Ada Lovelace Phone: 39-44-5323523
Name: Dan Abramov Phone: 12-42-234345
Name: Mary Poppendieck Phone: 39-23-6423122
Name: Kylian Mbappé Phone: 910-987654
Name: Jude Bellingham Phone: 510-910910
]]></system-out>
    <system-err><![CDATA[Mockito is currently self-attaching to enable the inline-mock-maker. This will no longer work in future releases of the JDK. Please add Mockito as an agent to your build what is described in Mockito's documentation: https://javadoc.io/doc/org.mockito/mockito-core/latest/org/mockito/Mockito.html#0.3
WARNING: A Java agent has been loaded dynamically (C:\Users\Lucas2814\.m2\repository\net\bytebuddy\byte-buddy-agent\1.15.11\byte-buddy-agent-1.15.11.jar)
WARNING: If a serviceability tool is in use, please run with -XX:+EnableDynamicAgentLoading to hide this warning
WARNING: If a serviceability tool is not in use, please run with -Djdk.instrument.traceUsage for more information
WARNING: Dynamic loading of agents will be disallowed by default in a future release
]]></system-err>
  </testcase>
</testsuite>